<?xml version="1.0" encoding="UTF-8"?>
<testng-results ignored="0" total="1" passed="1" failed="0" skipped="0">
  <reporter-output>
  </reporter-output>
  <suite started-at="2023-06-29T20:34:05 IST" name="Default suite" finished-at="2023-06-29T20:34:20 IST" duration-ms="15318">
    <groups>
    </groups>
    <test started-at="2023-06-29T20:34:05 IST" name="Default test" finished-at="2023-06-29T20:34:20 IST" duration-ms="15318">
      <class name="guru99Application.keyboardActions">
        <test-method is-config="true" signature="invokeBrowser()[pri:0, instance:guru99Application.keyboardActions@4f18837a]" started-at="2023-06-29T20:34:05 IST" name="invokeBrowser" finished-at="2023-06-29T20:34:17 IST" duration-ms="11739" status="PASS">
          <reporter-output>
          </reporter-output>
        </test-method> <!-- invokeBrowser -->
        <test-method signature="keyboardActions()[pri:0, instance:guru99Application.keyboardActions@4f18837a]" started-at="2023-06-29T20:34:17 IST" name="keyboardActions" finished-at="2023-06-29T20:34:17 IST" duration-ms="507" status="PASS">
          <reporter-output>
          </reporter-output>
        </test-method> <!-- keyboardActions -->
        <test-method is-config="true" signature="closeBrowser()[pri:0, instance:guru99Application.keyboardActions@4f18837a]" started-at="2023-06-29T20:34:17 IST" name="closeBrowser" finished-at="2023-06-29T20:34:20 IST" duration-ms="2995" status="PASS">
          <reporter-output>
          </reporter-output>
        </test-method> <!-- closeBrowser -->
      </class> <!-- guru99Application.keyboardActions -->
    </test> <!-- Default test -->
  </suite> <!-- Default suite -->
</testng-results>
